<?xml version="1.0" encoding="UTF-8"?>
<!-- Generated by org.testng.reporters.JUnitReportReporter -->
<testsuite hostname="DESKTOP-NAUN3TQ" failures="0" tests="3" name="com.juaracoding.ecommerce.authentications.SignInNegativeTest" time="3.121" errors="0" timestamp="2025-09-18T21:54:24 WIB" skipped="0">
  <testcase classname="com.juaracoding.ecommerce.authentications.SignInNegativeTest" name="EmptyUsernameTest" time="0.969"/>
  <testcase classname="com.juaracoding.ecommerce.authentications.SignInNegativeTest" name="withoutCredentialsTest" time="0.941"/>
  <testcase classname="com.juaracoding.ecommerce.authentications.SignInNegativeTest" name="EmptyPasswordTest" time="1.211"/>
</testsuite> <!-- com.juaracoding.ecommerce.authentications.SignInNegativeTest -->
